Using pre-set license
Built from '2020.2/staging' branch; Version is '2020.2.5f1 (e2c53f129de5) revision 14861631'; Using compiler version '192528614'; Build Type 'Release'
OS: 'Windows 10 Enterprise; OS build 18362.175; Version 1903; 64bit' Language: 'tr' Physical Memory: 7637 MB
BatchMode: 1, IsHumanControllingUs: 0, StartBugReporterOnCrash: 0, Is64bit: 1, IsPro: 0

 COMMAND LINE ARGUMENTS:
C:\Program Files\Unity\Hub\Editor\2020.2.5f1\Editor\Unity.exe
-adb2
-batchMode
-noUpm
-name
AssetImportWorker2
-projectPath
C:/Users/murat/Documents/3DProjectileTutorial-master/DemoProject
-logFile
Logs/AssetImportWorker2.log
-srvPort
51740
Successfully changed project path to: C:/Users/murat/Documents/3DProjectileTutorial-master/DemoProject
C:/Users/murat/Documents/3DProjectileTutorial-master/DemoProject
Using Asset Import Pipeline V2.
Refreshing native plugins compatible for Editor in 636.28 ms, found 0 plugins.
Preloading 0 native plugins for Editor in 0.00 ms.
Initialize engine version: 2020.2.5f1 (e2c53f129de5)
[Subsystems] Discovering subsystems at path C:/Program Files/Unity/Hub/Editor/2020.2.5f1/Editor/Data/Resources/UnitySubsystems
[Subsystems] Discovering subsystems at path C:/Users/murat/Documents/3DProjectileTutorial-master/DemoProject/Assets
GfxDevice: creating device client; threaded=0
